{"/home/agnes/Documents/champs-frontend/src/index.js": {"path":"/home/agnes/Documents/champs-frontend/src/index.js","statementMap":{"0":{"start":{"line":5,"column":0},"end":{"line":5,"column":48}}},"fnMap":{},"branchMap":{},"s":{"0":0},"f":{},"b":{}}
,"/home/agnes/Documents/champs-frontend/src/Components/App.jsx": {"path":"/home/agnes/Documents/champs-frontend/src/Components/App.jsx","statementMap":{"0":{"start":{"line":13,"column":12},"end":{"line":23,"column":1}},"1":{"start":{"line":14,"column":1},"end":{"line":22,"column":10}}},"fnMap":{"0":{"name":"(anonymous_0)","decl":{"start":{"line":13,"column":12},"end":{"line":13,"column":13}},"loc":{"start":{"line":14,"column":1},"end":{"line":22,"column":10}},"line":14}},"branchMap":{},"s":{"0":0,"1":0},"f":{"0":0},"b":{}}
,"/home/agnes/Documents/champs-frontend/src/Components/Home/Home.jsx": {"path":"/home/agnes/Documents/champs-frontend/src/Components/Home/Home.jsx","statementMap":{"0":{"start":{"line":3,"column":13},"end":{"line":9,"column":1}},"1":{"start":{"line":4,"column":1},"end":{"line":8,"column":12}}},"fnMap":{"0":{"name":"(anonymous_0)","decl":{"start":{"line":3,"column":13},"end":{"line":3,"column":14}},"loc":{"start":{"line":4,"column":1},"end":{"line":8,"column":12}},"line":4}},"branchMap":{},"s":{"0":0,"1":0},"f":{"0":0},"b":{}}
,"/home/agnes/Documents/champs-frontend/src/Components/NotFound/NotFound.js": {"path":"/home/agnes/Documents/champs-frontend/src/Components/NotFound/NotFound.js","statementMap":{"0":{"start":{"line":3,"column":17},"end":{"line":7,"column":1}},"1":{"start":{"line":4,"column":1},"end":{"line":6,"column":7}}},"fnMap":{"0":{"name":"(anonymous_0)","decl":{"start":{"line":3,"column":17},"end":{"line":3,"column":18}},"loc":{"start":{"line":4,"column":1},"end":{"line":6,"column":7}},"line":4}},"branchMap":{},"s":{"0":1,"1":1},"f":{"0":1},"b":{},"_coverageSchema":"1a1c01bbd47fc00a2c39e90264f33305004495a9","hash":"aca2eaa0ef0039d81b26728f881062d72a95385f"}
,"/home/agnes/Documents/champs-frontend/src/Components/Shared/NavBar/NavBar.jsx": {"path":"/home/agnes/Documents/champs-frontend/src/Components/Shared/NavBar/NavBar.jsx","statementMap":{"0":{"start":{"line":4,"column":15},"end":{"line":15,"column":1}},"1":{"start":{"line":5,"column":1},"end":{"line":14,"column":12}}},"fnMap":{"0":{"name":"(anonymous_0)","decl":{"start":{"line":4,"column":15},"end":{"line":4,"column":16}},"loc":{"start":{"line":5,"column":1},"end":{"line":14,"column":12}},"line":5}},"branchMap":{},"s":{"0":0,"1":0},"f":{"0":0},"b":{}}
,"/home/agnes/Documents/champs-frontend/src/Components/SignIn/SignIn.jsx": {"path":"/home/agnes/Documents/champs-frontend/src/Components/SignIn/SignIn.jsx","statementMap":{"0":{"start":{"line":3,"column":15},"end":{"line":9,"column":1}},"1":{"start":{"line":4,"column":1},"end":{"line":8,"column":12}}},"fnMap":{"0":{"name":"(anonymous_0)","decl":{"start":{"line":3,"column":15},"end":{"line":3,"column":16}},"loc":{"start":{"line":4,"column":1},"end":{"line":8,"column":12}},"line":4}},"branchMap":{},"s":{"0":0,"1":0},"f":{"0":0},"b":{}}
}
